<?xml version="1.0" encoding="UTF-8"?>
<!-- Generated by org.testng.reporters.JUnitReportReporter -->
<testsuite hostname="CHITRA-PC" failures="0" tests="1" name="baseclass.Base" time="9.014" errors="0" timestamp="2023-12-17T12:18:25 IST" skipped="0">
  <testcase classname="baseclass.Base" name="openBrowser" time="9.014"/>
  <system-out>
    <![CDATA[Browser is opened]]>
  </system-out>
</testsuite> <!-- baseclass.Base -->
