<?xml version="1.0" encoding="UTF-8"?>
<!-- Generated by org.testng.reporters.JUnitReportReporter -->
<testsuite hostname="CHITRA-PC" failures="0" tests="1" name="demo.Demo" time="0.011" errors="0" timestamp="2023-12-16T12:12:02 IST" skipped="0">
  <testcase classname="demo.Demo" name="demo" time="0.011"/>
  <system-out>
    <![CDATA[Hello]]>
  </system-out>
</testsuite> <!-- demo.Demo -->
