<?xml version="1.0" encoding="UTF-8"?>
<!-- Generated by org.testng.reporters.JUnitReportReporter -->
<testsuite hostname="CHITRA-PC" failures="0" tests="1" name="groupExecution.DeleteAddress" time="10.115" errors="0" timestamp="2024-01-04T08:46:58 IST" skipped="0">
  <testcase classname="groupExecution.DeleteAddress" name="deleteAddress" time="10.115"/>
  <system-out>
    <![CDATA[Address deleteded successfully]]>
  </system-out>
</testsuite> <!-- groupExecution.DeleteAddress -->
