<?xml version="1.0" encoding="UTF-8"?>
<!-- Generated by org.testng.reporters.JUnitReportReporter -->
<testsuite hostname="CHITRA-PC" failures="0" tests="3" name="demo.DependsOn" time="0.019" errors="0" timestamp="2023-12-16T13:06:13 IST" skipped="0">
  <testcase classname="demo.DependsOn" name="login" time="0.004"/>
  <system-out>
    <![CDATA[logged in successfully]]>
  </system-out>
  <testcase classname="demo.DependsOn" name="openBrowser" time="0.011"/>
  <system-out>
    <![CDATA[Browser opened]]>
  </system-out>
  <testcase classname="demo.DependsOn" name="register" time="0.004"/>
  <system-out>
    <![CDATA[Registered successfully]]>
  </system-out>
</testsuite> <!-- demo.DependsOn -->
