<?xml version="1.0" encoding="UTF-8"?>
<!-- Generated by org.testng.reporters.JUnitReportReporter -->
<testsuite hostname="CHITRA-PC" failures="0" tests="3" name="demo.Priority" time="0.015" errors="0" timestamp="2023-12-16T13:03:39 IST" skipped="0">
  <testcase classname="demo.Priority" name="openBrowser" time="0.008"/>
  <system-out>
    <![CDATA[Browser opened]]>
  </system-out>
  <testcase classname="demo.Priority" name="register" time="0.004"/>
  <system-out>
    <![CDATA[Registered successfully]]>
  </system-out>
  <testcase classname="demo.Priority" name="login" time="0.003"/>
  <system-out>
    <![CDATA[logged in successfully]]>
  </system-out>
</testsuite> <!-- demo.Priority -->
