<?xml version="1.0" encoding="UTF-8"?>
<!-- Generated by org.testng.reporters.JUnitReportReporter -->
<testsuite hostname="CHITRA-PC" failures="0" tests="1" name="groupExecution.AddAddress" time="13.302" errors="0" timestamp="2024-01-04T08:46:58 IST" skipped="0">
  <testcase classname="groupExecution.AddAddress" name="addAddress" time="13.302"/>
  <system-out>
    <![CDATA[Address added successfully]]>
  </system-out>
</testsuite> <!-- groupExecution.AddAddress -->
